IntentFilter3/app/build/intermediates/manifest_merge_blame_file/debug/manifest-merger-blame-debug-report.txt
1<?xml version="1.0" encoding="utf-8"?>
2<manifest xmlns:android="http://schemas.android.com/apk/res/android"
3    package="com.coreservlets.intentfilter1"
4    android:versionCode="1"
5    android:versionName="1.0" >
6
7    <uses-sdk
8        android:minSdkVersion="8"
8-->src/main/AndroidManifest.xml
9        android:targetSdkVersion="8" />
9-->src/main/AndroidManifest.xml
10
11    <application
11-->src/main/AndroidManifest.xml:7:5-31:19
12        android:debuggable="true"
13        android:icon="@drawable/icon"
13-->src/main/AndroidManifest.xml:7:18-47
14        android:label="@string/app_name"
14-->src/main/AndroidManifest.xml:7:48-80
15        android:testOnly="true" >
16        <activity
16-->src/main/AndroidManifest.xml:8:9-14:20
17            android:name="com.coreservlets.intentfilter1.IntentFilter1Activity"
17-->src/main/AndroidManifest.xml:8:19-56
18            android:label="@string/app_name" >
18-->src/main/AndroidManifest.xml:9:19-51
19            <intent-filter>
19-->src/main/AndroidManifest.xml:10:13-13:29
20                <action android:name="android.intent.action.MAIN" />
20-->src/main/AndroidManifest.xml:11:17-69
20-->src/main/AndroidManifest.xml:11:25-66
21
22                <category android:name="android.intent.category.LAUNCHER" />
22-->src/main/AndroidManifest.xml:12:17-77
22-->src/main/AndroidManifest.xml:12:27-74
23            </intent-filter>
24        </activity>
25        <activity
25-->src/main/AndroidManifest.xml:15:9-22:20
26            android:name="com.coreservlets.intentfilter1.LoanCalculatorActivity"
26-->src/main/AndroidManifest.xml:15:19-57
27            android:label="@string/loan_calculator_app_name" >
27-->src/main/AndroidManifest.xml:16:19-67
28            <intent-filter>
28-->src/main/AndroidManifest.xml:17:13-21:29
29                <action android:name="android.intent.action.VIEW" />
29-->src/main/AndroidManifest.xml:18:17-69
29-->src/main/AndroidManifest.xml:18:25-66
30
31                <category android:name="android.intent.category.DEFAULT" />
31-->src/main/AndroidManifest.xml:19:17-76
31-->src/main/AndroidManifest.xml:19:27-73
32
33                <data
33-->src/main/AndroidManifest.xml:20:17-79
34                    android:host="coreservlets.com"
34-->src/main/AndroidManifest.xml:20:45-76
35                    android:scheme="loan" />
35-->src/main/AndroidManifest.xml:20:23-44
36            </intent-filter>
37        </activity>
38        <activity
38-->src/main/AndroidManifest.xml:23:9-30:20
39            android:name="com.coreservlets.intentfilter1.TabbedActivity"
39-->src/main/AndroidManifest.xml:23:19-49
40            android:label="@string/tabs_app_name"
40-->src/main/AndroidManifest.xml:24:19-56
41            android:screenOrientation="portrait" >
41-->src/main/AndroidManifest.xml:25:19-55
42            <intent-filter>
42-->src/main/AndroidManifest.xml:26:13-29:29
43                <action android:name="android.intent.action.VIEW" />
43-->src/main/AndroidManifest.xml:18:17-69
43-->src/main/AndroidManifest.xml:18:25-66
44
45                <category android:name="android.intent.category.DEFAULT" />
45-->src/main/AndroidManifest.xml:19:17-76
45-->src/main/AndroidManifest.xml:19:27-73
46            </intent-filter>
47        </activity>
48    </application>
49
50</manifest>